<?xml version="1.0" encoding="UTF-8"?>
<!-- Generated by org.testng.reporters.JUnitReportReporter -->
<testsuite hostname="LAPTOP-I5MPUN7Q" failures="0" tests="1" name="actitimePages.SigninTest" time="30.536" errors="0" timestamp="2023-07-27T16:14:30 IST" skipped="0">
  <testcase classname="actitimePages.SigninTest" name="loginTest" time="30.536"/>
  <system-out>
    <![CDATA[Click : By.xpath: //input[@id='username']
Typing value : admin
Cleaning textbox value
Wait for element to be present in DOM : By.xpath: //input[@id='username']
Wait for element to be present in DOM : By.xpath: //input[@id='username']
Wait for element to be present in DOM : By.xpath: //input[@id='username']
value in input box: admin
Typing value : manager
Cleaning textbox value
Wait for element to be present in DOM : By.xpath: //input[@name='pwd']
Click : By.xpath: //div[text()='Login ']
onTestSuccess....]]>
  </system-out>
</testsuite> <!-- actitimePages.SigninTest -->
