<?xml version="1.0" encoding="UTF-8"?>
<!-- Generated by org.testng.reporters.JUnitReportReporter -->
<testsuite hostname="DESKTOP-OEB8KDE" failures="0" tests="1" name="utils.JdbcConnection" time="0.464" errors="0" timestamp="2023-08-08T11:24:22 IST" skipped="0">
  <testcase classname="utils.JdbcConnection" name="connection" time="0.464"/>
  <system-out/>
</testsuite> <!-- utils.JdbcConnection -->
