<?xml version="1.0" encoding="UTF-8"?>
<!-- Generated by org.testng.reporters.JUnitReportReporter -->
<testsuite hostname="DESKTOP-OEB8KDE" failures="0" tests="1" name="dbUtils.DbTest" time="0.005" errors="0" timestamp="2023-08-11T11:42:27 IST" skipped="0">
  <testcase classname="dbUtils.DbTest" name="test" time="0.005"/>
  <system-out/>
</testsuite> <!-- dbUtils.DbTest -->
