<?xml version="1.0" encoding="UTF-8"?>
<!-- Generated by org.testng.reporters.JUnitReportReporter -->
<testsuite hostname="DESKTOP-OEB8KDE" failures="0" tests="1" name="dbUtils.DBService" time="0.146" errors="0" timestamp="2023-08-14T13:22:57 IST" skipped="0">
  <testcase classname="dbUtils.DBService" name="test" time="0.146"/>
  <system-out/>
</testsuite> <!-- dbUtils.DBService -->
