<?xml version="1.0" encoding="UTF-8"?>
<!-- Generated by org.testng.reporters.JUnitReportReporter -->
<testsuite hostname="DESKTOP-OEB8KDE" failures="0" tests="2" name="actitimePages.SigninTest" time="14.664" errors="0" timestamp="2023-08-11T09:29:14 IST" skipped="1">
  <testcase classname="actitimePages.SigninTest" name="loginTest2" time="14.664"/>
  <system-out>
    <![CDATA[Wait for element to be present in DOM : By.xpath: //input[@id='username']
Wait for element to be present in DOM : By.xpath: //input[@name='pwd']
Click : By.xpath: //div[text()='Login ']
onTestSuccess....]]>
  </system-out>
  <testcase classname="actitimePages.SigninTest" name="loginTest">
    <skipped/>
  </testcase> <!-- loginTest -->
  <system-out/>
</testsuite> <!-- actitimePages.SigninTest -->
