<?xml version="1.0" encoding="UTF-8"?>
<!-- Generated by org.testng.reporters.JUnitReportReporter -->
<testsuite hostname="DESKTOP-OEB8KDE" failures="0" tests="1" name="zapUtil.ZapSecurityTest" time="12.043" errors="0" timestamp="2023-08-14T09:40:40 IST" skipped="0">
  <testcase classname="zapUtil.ZapSecurityTest" name="rgtSecurityTest" time="12.043"/>
  <system-out/>
</testsuite> <!-- zapUtil.ZapSecurityTest -->
