<?xml version="1.0" encoding="UTF-8"?>
<!-- Generated by org.testng.reporters.JUnitReportReporter -->
<testsuite hostname="DESKTOP-OEB8KDE" failures="0" tests="1" name="dbUtils.DBConnection" time="3.679" errors="0" timestamp="2023-08-15T13:45:42 IST" skipped="0">
  <testcase classname="dbUtils.DBConnection" name="connection" time="3.679"/>
  <system-out>
    <![CDATA[onTestSuccess....]]>
  </system-out>
</testsuite> <!-- dbUtils.DBConnection -->
