<?xml version="1.0" encoding="UTF-8"?>
<!-- Generated by org.testng.reporters.JUnitReportReporter -->
<testsuite hostname="LAPTOP-I5MPUN7Q" failures="0" tests="2" name="tests.Demo" time="21.569" errors="0" timestamp="2023-07-27T10:05:12 IST" skipped="0">
  <testcase classname="tests.Demo" name="test" time="10.559"/>
  <system-out>
    <![CDATA[onTestSuccess....]]>
  </system-out>
  <testcase classname="tests.Demo" name="test1" time="11.010"/>
  <system-out>
    <![CDATA[onTestSuccess....]]>
  </system-out>
</testsuite> <!-- tests.Demo -->
